attachments.f95zone.to
babepedia.com
chaturbate.com
coomer.su
e-hentai.org
eporner.com
etahub.com
fapello.com
fansly.com
freeones.com
hentai-foundry.com
hitomi.la
hqporner.com
idolcomplex.com
manyvids.com
multporn.net
nhentai.com
nhentai.net
nude-moon.org
phncdn.com
phncdn.com.sds.rncdn7.com
playboy.com
pornhub.com
pornhub.org
pornolab.net
realbooru.com
reddxxx.com
redgifs.com
rentry.org
rule34.art
rule34.us
rule34.xxx
sankakuapi.com
sankakucomplex.com
sankakustatic.com
theporndude.com
ukdevilz.com
vipergirls.to
xhamster.com
xhamsterlive.com
xhcdn.com
xnxx-cdn.com
xnxx.com
xnxx.net
xnxx.tv
xnxx-ru.com
xnxx3.com
xvideos-cdn.com
xvideos.com
xv-ru.com
